# JRE version: Java(TM) SE Runtime Environment (23.0+37) (build 23+37-2369)
# Java VM: Java HotSpot(TM) 64-Bit Server VM (23+37-2369, mixed mode, sharing, tiered, compressed oops, compressed class ptrs, g1 gc, windows-amd64)
GC Precious Log:
 CardTable entry size: 512
 Card Set container configuration: InlinePtr #cards 4 size 8 Array Of Cards #cards 32 size 80 Howl #buckets 8 coarsen threshold 7372 Howl Bitmap #cards 1024 size 144 coarsen threshold 921 Card regions per heap region 1 cards per card region 8192
 CPUs: 16 total, 16 available
 Memory: 31904M
 Large Page Support: Disabled
 NUMA Support: Disabled
 Compressed Oops: Enabled (Zero based)
 Heap Region Size: 4M
 Heap Min Capacity: 8M
 Heap Initial Capacity: 500M
 Heap Max Capacity: 7980M
 Pre-touch: Disabled
 Parallel Workers: 13
 Concurrent Workers: 3
 Concurrent Refinement Workers: 13
 Periodic GC: Disabled
Heap:
 garbage-first heap   total reserved 8171520K, committed 548864K, used 344666K [0x000000060d400000, 0x0000000800000000)
  region size 4096K, 1 young (4096K), 1 survivors (4096K)
 Metaspace       used 69194K, committed 69952K, reserved 1114112K
  class space    used 9318K, committed 9664K, reserved 1048576K
GC Heap History (20 events):
Event: 3.318 GC heap after
{Heap after GC invocations=10 (full 0):
 garbage-first heap   total reserved 8171520K, committed 98304K, used 32216K [0x000000060d400000, 0x0000000800000000)
  region size 4096K, 2 young (8192K), 2 survivors (8192K)
 Metaspace       used 59306K, committed 59968K, reserved 1114112K
  class space    used 8015K, committed 8320K, reserved 1048576K
}
Event: 3.338 GC heap before
{Heap before GC invocations=10 (full 0):
 garbage-first heap   total reserved 8171520K, committed 98304K, used 32216K [0x000000060d400000, 0x0000000800000000)
  region size 4096K, 3 young (12288K), 2 survivors (8192K)
 Metaspace       used 59827K, committed 60416K, reserved 1114112K
  class space    used 8095K, committed 8384K, reserved 1048576K
}
Event: 3.340 GC heap after
{Heap after GC invocations=11 (full 0):
 garbage-first heap   total reserved 8171520K, committed 98304K, used 32286K [0x000000060d400000, 0x0000000800000000)
  region size 4096K, 1 young (4096K), 1 survivors (4096K)
 Metaspace       used 59827K, committed 60416K, reserved 1114112K
  class space    used 8095K, committed 8384K, reserved 1048576K
}
Event: 3.863 GC heap before
{Heap before GC invocations=12 (full 0):
 garbage-first heap   total reserved 8171520K, committed 98304K, used 77342K [0x000000060d400000, 0x0000000800000000)
  region size 4096K, 12 young (49152K), 1 survivors (4096K)
 Metaspace       used 68220K, committed 68864K, reserved 1114112K
  class space    used 9237K, committed 9536K, reserved 1048576K
}
Event: 3.865 GC heap after
{Heap after GC invocations=13 (full 0):
 garbage-first heap   total reserved 8171520K, committed 98304K, used 36164K [0x000000060d400000, 0x0000000800000000)
  region size 4096K, 2 young (8192K), 2 survivors (8192K)
 Metaspace       used 68220K, committed 68864K, reserved 1114112K
  class space    used 9237K, committed 9536K, reserved 1048576K
}
Event: 3.957 GC heap before
{Heap before GC invocations=13 (full 0):
 garbage-first heap   total reserved 8171520K, committed 98304K, used 85316K [0x000000060d400000, 0x0000000800000000)
  region size 4096K, 12 young (49152K), 2 survivors (8192K)
 Metaspace       used 68311K, committed 68992K, reserved 1114112K
  class space    used 9243K, committed 9536K, reserved 1048576K
}
Event: 3.965 GC heap after
{Heap after GC invocations=14 (full 0):
 garbage-first heap   total reserved 8171520K, committed 118784K, used 69442K [0x000000060d400000, 0x0000000800000000)
  region size 4096K, 2 young (8192K), 2 survivors (8192K)
 Metaspace       used 68311K, committed 68992K, reserved 1114112K
  class space    used 9243K, committed 9536K, reserved 1048576K
}
Event: 4.001 GC heap before
{Heap before GC invocations=14 (full 0):
 garbage-first heap   total reserved 8171520K, committed 118784K, used 89922K [0x000000060d400000, 0x0000000800000000)
  region size 4096K, 8 young (32768K), 2 survivors (8192K)
 Metaspace       used 68318K, committed 68992K, reserved 1114112K
  class space    used 9243K, committed 9536K, reserved 1048576K
}
Event: 4.005 GC heap after
{Heap after GC invocations=15 (full 0):
 garbage-first heap   total reserved 8171520K, committed 315392K, used 84152K [0x000000060d400000, 0x0000000800000000)
  region size 4096K, 1 young (4096K), 1 survivors (4096K)
 Metaspace       used 68318K, committed 68992K, reserved 1114112K
  class space    used 9243K, committed 9536K, reserved 1048576K
}
Event: 4.270 GC heap before
{Heap before GC invocations=16 (full 0):
 garbage-first heap   total reserved 8171520K, committed 286720K, used 219320K [0x000000060d400000, 0x0000000800000000)
  region size 4096K, 31 young (126976K), 1 survivors (4096K)
 Metaspace       used 69074K, committed 69824K, reserved 1114112K
  class space    used 9315K, committed 9664K, reserved 1048576K
}
Event: 4.283 GC heap after
{Heap after GC invocations=17 (full 0):
 garbage-first heap   total reserved 8171520K, committed 286720K, used 157128K [0x000000060d400000, 0x0000000800000000)
  region size 4096K, 4 young (16384K), 4 survivors (16384K)
 Metaspace       used 69074K, committed 69824K, reserved 1114112K
  class space    used 9315K, committed 9664K, reserved 1048576K
}
Event: 4.346 GC heap before
{Heap before GC invocations=17 (full 0):
 garbage-first heap   total reserved 8171520K, committed 286720K, used 226760K [0x000000060d400000, 0x0000000800000000)
  region size 4096K, 19 young (77824K), 4 survivors (16384K)
 Metaspace       used 69074K, committed 69824K, reserved 1114112K
  class space    used 9315K, committed 9664K, reserved 1048576K
}
Event: 4.353 GC heap after
{Heap after GC invocations=18 (full 0):
 garbage-first heap   total reserved 8171520K, committed 286720K, used 190620K [0x000000060d400000, 0x0000000800000000)
  region size 4096K, 3 young (12288K), 3 survivors (12288K)
 Metaspace       used 69074K, committed 69824K, reserved 1114112K
  class space    used 9315K, committed 9664K, reserved 1048576K
}
Event: 4.439 GC heap before
{Heap before GC invocations=18 (full 0):
 garbage-first heap   total reserved 8171520K, committed 286720K, used 207004K [0x000000060d400000, 0x0000000800000000)
  region size 4096K, 8 young (32768K), 3 survivors (12288K)
 Metaspace       used 69093K, committed 69824K, reserved 1114112K
  class space    used 9317K, committed 9664K, reserved 1048576K
}
Event: 4.443 GC heap after
{Heap after GC invocations=19 (full 0):
 garbage-first heap   total reserved 8171520K, committed 286720K, used 202344K [0x000000060d400000, 0x0000000800000000)
  region size 4096K, 2 young (8192K), 2 survivors (8192K)
 Metaspace       used 69093K, committed 69824K, reserved 1114112K
  class space    used 9317K, committed 9664K, reserved 1048576K
}
Event: 4.511 GC heap before
{Heap before GC invocations=20 (full 0):
 garbage-first heap   total reserved 8171520K, committed 368640K, used 255592K [0x000000060d400000, 0x0000000800000000)
  region size 4096K, 12 young (49152K), 2 survivors (8192K)
 Metaspace       used 69093K, committed 69824K, reserved 1114112K
  class space    used 9317K, committed 9664K, reserved 1048576K
}
Event: 4.517 GC heap after
{Heap after GC invocations=21 (full 0):
 garbage-first heap   total reserved 8171520K, committed 368640K, used 246137K [0x000000060d400000, 0x0000000800000000)
  region size 4096K, 2 young (8192K), 2 survivors (8192K)
 Metaspace       used 69093K, committed 69824K, reserved 1114112K
  class space    used 9317K, committed 9664K, reserved 1048576K
}
Event: 4.670 GC heap before
{Heap before GC invocations=21 (full 0):
 garbage-first heap   total reserved 8171520K, committed 368640K, used 323961K [0x000000060d400000, 0x0000000800000000)
  region size 4096K, 15 young (61440K), 2 survivors (8192K)
 Metaspace       used 69097K, committed 69824K, reserved 1114112K
  class space    used 9317K, committed 9664K, reserved 1048576K
}
Event: 4.681 GC heap after
{Heap after GC invocations=22 (full 0):
 garbage-first heap   total reserved 8171520K, committed 385024K, used 317525K [0x000000060d400000, 0x0000000800000000)
  region size 4096K, 2 young (8192K), 2 survivors (8192K)
 Metaspace       used 69097K, committed 69824K, reserved 1114112K
  class space    used 9317K, committed 9664K, reserved 1048576K
}
Event: 4.729 GC heap before
{Heap before GC invocations=22 (full 0):
 garbage-first heap   total reserved 8171520K, committed 385024K, used 342101K [0x000000060d400000, 0x0000000800000000)
  region size 4096K, 8 young (32768K), 2 survivors (8192K)
 Metaspace       used 69194K, committed 69952K, reserved 1114112K
  class space    used 9318K, committed 9664K, reserved 1048576K
}

